<?xml version="1.0" encoding="UTF-8"?>
<!-- Generated by org.testng.reporters.JUnitReportReporter -->
<testsuite skipped="2" hostname="DESKTOP-QL1AS75" name="com.toolsqa.tests.FreeSeleniumVideoPageTests" tests="6" failures="0" timestamp="27 May 2020 09:02:23 GMT" time="51.146" errors="0">
  <testcase name="verifySeleniumVideoText" time="4.623" classname="com.toolsqa.tests.FreeSeleniumVideoPageTests"/>
  <testcase name="verifySubscribeToNewsLetter" time="12.387" classname="com.toolsqa.tests.FreeSeleniumVideoPageTests"/>
  <testcase name="verifySeleniumBrowserCommandVideoText" time="11.852" classname="com.toolsqa.tests.FreeSeleniumVideoPageTests"/>
  <testcase name="verifySiteLink" time="22.284" classname="com.toolsqa.tests.FreeSeleniumVideoPageTests"/>
  <testcase name="verifyHomeTextBackToHomePage" classname="com.toolsqa.tests.FreeSeleniumVideoPageTests">
    <skipped/>
  </testcase> <!-- verifyHomeTextBackToHomePage -->
  <testcase name="verifySeleniumBrowserCommandVideoClickable" classname="com.toolsqa.tests.FreeSeleniumVideoPageTests">
    <skipped/>
  </testcase> <!-- verifySeleniumBrowserCommandVideoClickable -->
</testsuite> <!-- com.toolsqa.tests.FreeSeleniumVideoPageTests -->
