<?xml version="1.0" encoding="UTF-8"?>
<!-- Generated by org.testng.reporters.JUnitReportReporter -->
<testsuite skipped="7" hostname="DESKTOP-QL1AS75" name="com.toolsqa.tests.HomePageTests" tests="13" failures="0" timestamp="22 May 2020 09:38:30 GMT" time="22.055" errors="0">
  <testcase name="verifyPopup" time="11.714" classname="com.toolsqa.tests.HomePageTests"/>
  <testcase name="verifytoolsqaHomepageTitle" time="0.031" classname="com.toolsqa.tests.HomePageTests"/>
  <testcase name="verifyToolsqaLogo" time="0.517" classname="com.toolsqa.tests.HomePageTests"/>
  <testcase name="verifyMenuItems" time="0.346" classname="com.toolsqa.tests.HomePageTests"/>
  <testcase name="verifySearchIconClickable" time="0.177" classname="com.toolsqa.tests.HomePageTests"/>
  <testcase name="verifySearchBox" time="9.270" classname="com.toolsqa.tests.HomePageTests"/>
  <testcase name="verifyRssLink" classname="com.toolsqa.tests.HomePageTests">
    <skipped/>
  </testcase> <!-- verifyRssLink -->
  <testcase name="verifyYouTubeLink" classname="com.toolsqa.tests.HomePageTests">
    <skipped/>
  </testcase> <!-- verifyYouTubeLink -->
  <testcase name="verifyFacebookLink" classname="com.toolsqa.tests.HomePageTests">
    <skipped/>
  </testcase> <!-- verifyFacebookLink -->
  <testcase name="verifyInstagramLink" classname="com.toolsqa.tests.HomePageTests">
    <skipped/>
  </testcase> <!-- verifyInstagramLink -->
  <testcase name="verifySearchIconLabel" classname="com.toolsqa.tests.HomePageTests">
    <skipped/>
  </testcase> <!-- verifySearchIconLabel -->
  <testcase name="verifyLinkedinLink" classname="com.toolsqa.tests.HomePageTests">
    <skipped/>
  </testcase> <!-- verifyLinkedinLink -->
  <testcase name="verifyTwitterLink" classname="com.toolsqa.tests.HomePageTests">
    <skipped/>
  </testcase> <!-- verifyTwitterLink -->
</testsuite> <!-- com.toolsqa.tests.HomePageTests -->
